

> web@0.1.0 build
> next build

[1G[0K   [1m[38;2;173;127;168m▲ Next.js 15.3.0[39m[22m
   - Environments: .env.production.local, .env.local, .env.production

 [37m[1m [22m[39m Creating an optimized production build ...
Failed to compile.

./app/chats/page.tsx
Module not found: Can't resolve '@/components/ui/Button'

https://nextjs.org/docs/messages/module-not-found

./app/chats/page.tsx
Module not found: Can't resolve '@/components/ui/Input'

https://nextjs.org/docs/messages/module-not-found

./app/chats/page.tsx
Module not found: Can't resolve '@/components/chat/ChatMessage'

https://nextjs.org/docs/messages/module-not-found

./app/chats/page.tsx
Module not found: Can't resolve '@/lib/store'

https://nextjs.org/docs/messages/module-not-found

./app/chats/page.tsx
Module not found: Can't resolve '@/lib/api'

https://nextjs.org/docs/messages/module-not-found


> Build failed because of webpack errors
[1G[0K⠙[1G[0K[1mnpm[22m [31merror[39m Lifecycle script `build` failed with error:
[1G[0K⠙[1G[0K[1mnpm[22m [31merror[39m [94mcode[39m [33m1[39m
[1G[0K⠙[1G[0K[1mnpm[22m [31merror[39m [94mpath[39m /Users/shreyansh/ItsMightHappenApp/apps/web
[1G[0K⠙[1G[0K[1mnpm[22m [31merror[39m [94mworkspace[39m web@0.1.0
[1G[0K⠙[1G[0K[1mnpm[22m [31merror[39m [94mlocation[39m /Users/shreyansh/ItsMightHappenApp/apps/web
[1G[0K⠙[1G[0K[1mnpm[22m [31merror[39m command failed
[1G[0K⠙[1G[0K[1mnpm[22m [31merror[39m [94mcommand[39m sh -c next build
[1G[0K⠙[1G[0K
