

> ui@0.0.0 build
> tsc

[1G[0K[91merror[0m[90m TS6059: [0mFile '/Users/shreyansh/ItsMightHappenApp/packages/ui/src/auth/AuthProvider.tsx' is not under 'rootDir' '/Users/shreyansh/ItsMightHappenApp/packages/typescript-config/src'. 'rootDir' is expected to contain all source files.
  The file is in the program because:
    Matched by include pattern 'src' in '/Users/shreyansh/ItsMightHappenApp/packages/ui/tsconfig.json'

  [96mtsconfig.json[0m:[93m6[0m:[93m15[0m
    [7m6[0m   "include": ["src"],
    [7m [0m [96m              ~~~~~[0m
    File is matched by include pattern specified here.

[91merror[0m[90m TS6059: [0mFile '/Users/shreyansh/ItsMightHappenApp/packages/ui/src/auth/SignInForm.tsx' is not under 'rootDir' '/Users/shreyansh/ItsMightHappenApp/packages/typescript-config/src'. 'rootDir' is expected to contain all source files.
  The file is in the program because:
    Matched by include pattern 'src' in '/Users/shreyansh/ItsMightHappenApp/packages/ui/tsconfig.json'

  [96mtsconfig.json[0m:[93m6[0m:[93m15[0m
    [7m6[0m   "include": ["src"],
    [7m [0m [96m              ~~~~~[0m
    File is matched by include pattern specified here.

[91merror[0m[90m TS6059: [0mFile '/Users/shreyansh/ItsMightHappenApp/packages/ui/src/button.tsx' is not under 'rootDir' '/Users/shreyansh/ItsMightHappenApp/packages/typescript-config/src'. 'rootDir' is expected to contain all source files.
  The file is in the program because:
    Matched by include pattern 'src' in '/Users/shreyansh/ItsMightHappenApp/packages/ui/tsconfig.json'

  [96mtsconfig.json[0m:[93m6[0m:[93m15[0m
    [7m6[0m   "include": ["src"],
    [7m [0m [96m              ~~~~~[0m
    File is matched by include pattern specified here.

[91merror[0m[90m TS6059: [0mFile '/Users/shreyansh/ItsMightHappenApp/packages/ui/src/card.tsx' is not under 'rootDir' '/Users/shreyansh/ItsMightHappenApp/packages/typescript-config/src'. 'rootDir' is expected to contain all source files.
  The file is in the program because:
    Matched by include pattern 'src' in '/Users/shreyansh/ItsMightHappenApp/packages/ui/tsconfig.json'

  [96mtsconfig.json[0m:[93m6[0m:[93m15[0m
    [7m6[0m   "include": ["src"],
    [7m [0m [96m              ~~~~~[0m
    File is matched by include pattern specified here.

[91merror[0m[90m TS6059: [0mFile '/Users/shreyansh/ItsMightHappenApp/packages/ui/src/code.tsx' is not under 'rootDir' '/Users/shreyansh/ItsMightHappenApp/packages/typescript-config/src'. 'rootDir' is expected to contain all source files.
  The file is in the program because:
    Matched by include pattern 'src' in '/Users/shreyansh/ItsMightHappenApp/packages/ui/tsconfig.json'

  [96mtsconfig.json[0m:[93m6[0m:[93m15[0m
    [7m6[0m   "include": ["src"],
    [7m [0m [96m              ~~~~~[0m
    File is matched by include pattern specified here.

[91merror[0m[90m TS6059: [0mFile '/Users/shreyansh/ItsMightHappenApp/packages/ui/src/components/index.tsx' is not under 'rootDir' '/Users/shreyansh/ItsMightHappenApp/packages/typescript-config/src'. 'rootDir' is expected to contain all source files.
  The file is in the program because:
    Matched by include pattern 'src' in '/Users/shreyansh/ItsMightHappenApp/packages/ui/tsconfig.json'

  [96mtsconfig.json[0m:[93m6[0m:[93m15[0m
    [7m6[0m   "include": ["src"],
    [7m [0m [96m              ~~~~~[0m
    File is matched by include pattern specified here.

[91merror[0m[90m TS6059: [0mFile '/Users/shreyansh/ItsMightHappenApp/packages/ui/src/index.tsx' is not under 'rootDir' '/Users/shreyansh/ItsMightHappenApp/packages/typescript-config/src'. 'rootDir' is expected to contain all source files.
  The file is in the program because:
    Matched by include pattern 'src' in '/Users/shreyansh/ItsMightHappenApp/packages/ui/tsconfig.json'

  [96mtsconfig.json[0m:[93m6[0m:[93m15[0m
    [7m6[0m   "include": ["src"],
    [7m [0m [96m              ~~~~~[0m
    File is matched by include pattern specified here.

[91merror[0m[90m TS6059: [0mFile '/Users/shreyansh/ItsMightHappenApp/packages/ui/src/navigation/sidebar.tsx' is not under 'rootDir' '/Users/shreyansh/ItsMightHappenApp/packages/typescript-config/src'. 'rootDir' is expected to contain all source files.
  The file is in the program because:
    Matched by include pattern 'src' in '/Users/shreyansh/ItsMightHappenApp/packages/ui/tsconfig.json'

  [96mtsconfig.json[0m:[93m6[0m:[93m15[0m
    [7m6[0m   "include": ["src"],
    [7m [0m [96m              ~~~~~[0m
    File is matched by include pattern specified here.

[91merror[0m[90m TS6059: [0mFile '/Users/shreyansh/ItsMightHappenApp/packages/ui/src/slack/channel-view.tsx' is not under 'rootDir' '/Users/shreyansh/ItsMightHappenApp/packages/typescript-config/src'. 'rootDir' is expected to contain all source files.
  The file is in the program because:
    Matched by include pattern 'src' in '/Users/shreyansh/ItsMightHappenApp/packages/ui/tsconfig.json'

  [96mtsconfig.json[0m:[93m6[0m:[93m15[0m
    [7m6[0m   "include": ["src"],
    [7m [0m [96m              ~~~~~[0m
    File is matched by include pattern specified here.


Found 9 errors.

[1G[0K⠙[1G[0K[1mnpm[22m [31merror[39m Lifecycle script `build` failed with error:
[1G[0K⠙[1G[0K[1mnpm[22m [31merror[39m [94mcode[39m [33m2[39m
[1G[0K⠙[1G[0K[1mnpm[22m [31merror[39m [94mpath[39m /Users/shreyansh/ItsMightHappenApp/packages/ui
[1G[0K⠙[1G[0K[1mnpm[22m [31merror[39m [94mworkspace[39m ui@0.0.0
[1G[0K⠙[1G[0K[1mnpm[22m [31merror[39m [94mlocation[39m /Users/shreyansh/ItsMightHappenApp/packages/ui
[1G[0K⠙[1G[0K[1mnpm[22m [31merror[39m command failed
[1G[0K⠙[1G[0K[1mnpm[22m [31merror[39m [94mcommand[39m sh -c tsc
[1G[0K⠙[1G[0K
