

> @repo/ui@0.0.0 lint
> eslint . --max-warnings 0

[1G[0K
Oops! Something went wrong! :(

ESLint: 9.24.0

Error [ERR_MODULE_NOT_FOUND]: Cannot find module '/Users/shreyansh/ItsMightHappenApp/node_modules/@repo/eslint-config/react-internal' imported from /Users/shreyansh/ItsMightHappenApp/packages/ui/eslint.config.mjs
Did you mean to import "file:///Users/shreyansh/ItsMightHappenApp/packages/eslint-config/react-internal.js"?
    at finalizeResolution (node:internal/modules/esm/resolve:275:11)
    at moduleResolve (node:internal/modules/esm/resolve:860:10)
    at defaultResolve (node:internal/modules/esm/resolve:984:11)
    at ModuleLoader.defaultResolve (node:internal/modules/esm/loader:685:12)
    at #cachedDefaultResolve (node:internal/modules/esm/loader:634:25)
    at ModuleLoader.resolve (node:internal/modules/esm/loader:617:38)
    at ModuleLoader.getModuleJobForImport (node:internal/modules/esm/loader:273:38)
    at ModuleJob._link (node:internal/modules/esm/module_job:135:49)
[1G[0K⠙[1G[0K[1mnpm[22m [31merror[39m Lifecycle script `lint` failed with error:
[1G[0K⠙[1G[0K[1mnpm[22m [31merror[39m [94mcode[39m [33m2[39m
[1G[0K⠙[1G[0K[1mnpm[22m [31merror[39m [94mpath[39m /Users/shreyansh/ItsMightHappenApp/packages/ui
[1G[0K⠙[1G[0K[1mnpm[22m [31merror[39m [94mworkspace[39m @repo/ui@0.0.0
[1G[0K⠙[1G[0K[1mnpm[22m [31merror[39m [94mlocation[39m /Users/shreyansh/ItsMightHappenApp/packages/ui
[1G[0K⠙[1G[0K[1mnpm[22m [31merror[39m command failed
[1G[0K⠙[1G[0K[1mnpm[22m [31merror[39m [94mcommand[39m sh -c eslint . --max-warnings 0
[1G[0K⠙[1G[0K
